[1.383s] Invoking command in '/home/bard/Documents/Ascend/WaypointPublisher/src/waypoint_publisher': PYTHONPATH=/home/bard/Documents/Ascend/WaypointPublisher/install/waypoint_publisher/lib/python3.8/site-packages:${PYTHONPATH} /usr/bin/python3 setup.py egg_info --egg-base ../../build/waypoint_publisher build --build-base /home/bard/Documents/Ascend/WaypointPublisher/build/waypoint_publisher/build install --prefix /home/bard/Documents/Ascend/WaypointPublisher/install/waypoint_publisher --record /home/bard/Documents/Ascend/WaypointPublisher/build/waypoint_publisher/install.log --single-version-externally-managed
[1.562s] /home/bard/.local/lib/python3.8/site-packages/setuptools/dist.py:744: UserWarning: Usage of dash-separated 'script-dir' will not be supported in future versions. Please use the underscore name 'script_dir' instead
[1.562s]   warnings.warn(
[1.563s] /home/bard/.local/lib/python3.8/site-packages/setuptools/dist.py:744: UserWarning: Usage of dash-separated 'install-scripts' will not be supported in future versions. Please use the underscore name 'install_scripts' instead
[1.563s]   warnings.warn(
[1.975s] running egg_info
[1.976s] creating ../../build/waypoint_publisher/waypoint_publisher.egg-info
[2.018s] writing ../../build/waypoint_publisher/waypoint_publisher.egg-info/PKG-INFO
[2.053s] writing dependency_links to ../../build/waypoint_publisher/waypoint_publisher.egg-info/dependency_links.txt
[2.247s] writing requirements to ../../build/waypoint_publisher/waypoint_publisher.egg-info/requires.txt
[2.280s] writing top-level names to ../../build/waypoint_publisher/waypoint_publisher.egg-info/top_level.txt
[2.283s] writing manifest file '../../build/waypoint_publisher/waypoint_publisher.egg-info/SOURCES.txt'
[2.339s] reading manifest file '../../build/waypoint_publisher/waypoint_publisher.egg-info/SOURCES.txt'
[2.340s] writing manifest file '../../build/waypoint_publisher/waypoint_publisher.egg-info/SOURCES.txt'
[2.340s] running build
[2.340s] running build_py
[2.340s] creating /home/bard/Documents/Ascend/WaypointPublisher/build/waypoint_publisher/build
[2.340s] creating /home/bard/Documents/Ascend/WaypointPublisher/build/waypoint_publisher/build/lib
[2.340s] creating /home/bard/Documents/Ascend/WaypointPublisher/build/waypoint_publisher/build/lib/waypoint_publisher
[2.340s] copying waypoint_publisher/__init__.py -> /home/bard/Documents/Ascend/WaypointPublisher/build/waypoint_publisher/build/lib/waypoint_publisher
[2.341s] running install
[2.341s] /home/bard/.local/lib/python3.8/site-packages/setuptools/command/install.py:34: SetuptoolsDeprecationWarning: setup.py install is deprecated. Use build and pip and other standards-based tools.
[2.341s]   warnings.warn(
[2.346s] running install_lib
[2.393s] creating /home/bard/Documents/Ascend/WaypointPublisher/install/waypoint_publisher/lib/python3.8/site-packages/waypoint_publisher
[2.393s] copying /home/bard/Documents/Ascend/WaypointPublisher/build/waypoint_publisher/build/lib/waypoint_publisher/__init__.py -> /home/bard/Documents/Ascend/WaypointPublisher/install/waypoint_publisher/lib/python3.8/site-packages/waypoint_publisher
[2.393s] byte-compiling /home/bard/Documents/Ascend/WaypointPublisher/install/waypoint_publisher/lib/python3.8/site-packages/waypoint_publisher/__init__.py to __init__.cpython-38.pyc
[2.394s] running install_data
[2.406s] creating /home/bard/Documents/Ascend/WaypointPublisher/install/waypoint_publisher/share/ament_index
[2.406s] creating /home/bard/Documents/Ascend/WaypointPublisher/install/waypoint_publisher/share/ament_index/resource_index
[2.407s] creating /home/bard/Documents/Ascend/WaypointPublisher/install/waypoint_publisher/share/ament_index/resource_index/packages
[2.407s] copying resource/waypoint_publisher -> /home/bard/Documents/Ascend/WaypointPublisher/install/waypoint_publisher/share/ament_index/resource_index/packages
[2.407s] copying package.xml -> /home/bard/Documents/Ascend/WaypointPublisher/install/waypoint_publisher/share/waypoint_publisher
[2.407s] running install_egg_info
[2.452s] Copying ../../build/waypoint_publisher/waypoint_publisher.egg-info to /home/bard/Documents/Ascend/WaypointPublisher/install/waypoint_publisher/lib/python3.8/site-packages/waypoint_publisher-0.0.0-py3.8.egg-info
[2.453s] running install_scripts
[2.559s] writing list of installed files to '/home/bard/Documents/Ascend/WaypointPublisher/build/waypoint_publisher/install.log'
[2.591s] Invoked command in '/home/bard/Documents/Ascend/WaypointPublisher/src/waypoint_publisher' returned '0': PYTHONPATH=/home/bard/Documents/Ascend/WaypointPublisher/install/waypoint_publisher/lib/python3.8/site-packages:${PYTHONPATH} /usr/bin/python3 setup.py egg_info --egg-base ../../build/waypoint_publisher build --build-base /home/bard/Documents/Ascend/WaypointPublisher/build/waypoint_publisher/build install --prefix /home/bard/Documents/Ascend/WaypointPublisher/install/waypoint_publisher --record /home/bard/Documents/Ascend/WaypointPublisher/build/waypoint_publisher/install.log --single-version-externally-managed
