[0.618s] Invoking command in '/workspaces/WaypointPublisher/src/waypoint_publisher': PYTHONPATH=/workspaces/WaypointPublisher/install/waypoint_publisher/lib/python3.8/site-packages:${PYTHONPATH} /usr/bin/python3 setup.py egg_info --egg-base ../../build/waypoint_publisher build --build-base /workspaces/WaypointPublisher/build/waypoint_publisher/build install --prefix /workspaces/WaypointPublisher/install/waypoint_publisher --record /workspaces/WaypointPublisher/build/waypoint_publisher/install.log --single-version-externally-managed
[0.808s] running egg_info
[0.808s] writing ../../build/waypoint_publisher/waypoint_publisher.egg-info/PKG-INFO
[0.808s] writing dependency_links to ../../build/waypoint_publisher/waypoint_publisher.egg-info/dependency_links.txt
[0.809s] writing entry points to ../../build/waypoint_publisher/waypoint_publisher.egg-info/entry_points.txt
[0.809s] writing requirements to ../../build/waypoint_publisher/waypoint_publisher.egg-info/requires.txt
[0.809s] writing top-level names to ../../build/waypoint_publisher/waypoint_publisher.egg-info/top_level.txt
[0.852s] reading manifest file '../../build/waypoint_publisher/waypoint_publisher.egg-info/SOURCES.txt'
[0.853s] writing manifest file '../../build/waypoint_publisher/waypoint_publisher.egg-info/SOURCES.txt'
[0.853s] running build
[0.853s] running build_py
[0.854s] running install
[0.855s] running install_lib
[0.856s] running install_data
[0.857s] running install_egg_info
[0.858s] removing '/workspaces/WaypointPublisher/install/waypoint_publisher/lib/python3.8/site-packages/waypoint_publisher-0.0.0-py3.8.egg-info' (and everything under it)
[0.858s] Copying ../../build/waypoint_publisher/waypoint_publisher.egg-info to /workspaces/WaypointPublisher/install/waypoint_publisher/lib/python3.8/site-packages/waypoint_publisher-0.0.0-py3.8.egg-info
[0.859s] running install_scripts
[0.881s] Installing wp_publisher_node script to /workspaces/WaypointPublisher/install/waypoint_publisher/lib/waypoint_publisher
[0.881s] writing list of installed files to '/workspaces/WaypointPublisher/build/waypoint_publisher/install.log'
[0.909s] Invoked command in '/workspaces/WaypointPublisher/src/waypoint_publisher' returned '0': PYTHONPATH=/workspaces/WaypointPublisher/install/waypoint_publisher/lib/python3.8/site-packages:${PYTHONPATH} /usr/bin/python3 setup.py egg_info --egg-base ../../build/waypoint_publisher build --build-base /workspaces/WaypointPublisher/build/waypoint_publisher/build install --prefix /workspaces/WaypointPublisher/install/waypoint_publisher --record /workspaces/WaypointPublisher/build/waypoint_publisher/install.log --single-version-externally-managed
