[2.163s] Invoking command in '/home/bard/Documents/ascend/suas/WaypointPublisher/src/waypoint_publisher': PYTHONPATH=/home/bard/Documents/ascend/suas/WaypointPublisher/install/waypoint_publisher/lib/python3.8/site-packages:${PYTHONPATH} /usr/bin/python3 setup.py egg_info --egg-base ../../build/waypoint_publisher build --build-base /home/bard/Documents/ascend/suas/WaypointPublisher/build/waypoint_publisher/build install --prefix /home/bard/Documents/ascend/suas/WaypointPublisher/install/waypoint_publisher --record /home/bard/Documents/ascend/suas/WaypointPublisher/build/waypoint_publisher/install.log --single-version-externally-managed
[2.432s] /home/bard/.local/lib/python3.8/site-packages/setuptools/dist.py:744: UserWarning: Usage of dash-separated 'script-dir' will not be supported in future versions. Please use the underscore name 'script_dir' instead
[2.432s]   warnings.warn(
[2.432s] /home/bard/.local/lib/python3.8/site-packages/setuptools/dist.py:744: UserWarning: Usage of dash-separated 'install-scripts' will not be supported in future versions. Please use the underscore name 'install_scripts' instead
[2.433s]   warnings.warn(
[3.071s] running egg_info
[3.138s] writing ../../build/waypoint_publisher/waypoint_publisher.egg-info/PKG-INFO
[3.204s] writing dependency_links to ../../build/waypoint_publisher/waypoint_publisher.egg-info/dependency_links.txt
[3.383s] writing entry points to ../../build/waypoint_publisher/waypoint_publisher.egg-info/entry_points.txt
[3.500s] writing requirements to ../../build/waypoint_publisher/waypoint_publisher.egg-info/requires.txt
[3.574s] writing top-level names to ../../build/waypoint_publisher/waypoint_publisher.egg-info/top_level.txt
[3.657s] reading manifest file '../../build/waypoint_publisher/waypoint_publisher.egg-info/SOURCES.txt'
[3.659s] writing manifest file '../../build/waypoint_publisher/waypoint_publisher.egg-info/SOURCES.txt'
[3.659s] running build
[3.659s] running build_py
[3.660s] running install
[3.660s] /home/bard/.local/lib/python3.8/site-packages/setuptools/command/install.py:34: SetuptoolsDeprecationWarning: setup.py install is deprecated. Use build and pip and other standards-based tools.
[3.660s]   warnings.warn(
[3.666s] running install_lib
[3.733s] running install_data
[3.746s] running install_egg_info
[3.810s] removing '/home/bard/Documents/ascend/suas/WaypointPublisher/install/waypoint_publisher/lib/python3.8/site-packages/waypoint_publisher-0.0.0-py3.8.egg-info' (and everything under it)
[3.823s] Copying ../../build/waypoint_publisher/waypoint_publisher.egg-info to /home/bard/Documents/ascend/suas/WaypointPublisher/install/waypoint_publisher/lib/python3.8/site-packages/waypoint_publisher-0.0.0-py3.8.egg-info
[3.826s] running install_scripts
[3.969s] Installing wp_publisher_node script to /home/bard/Documents/ascend/suas/WaypointPublisher/install/waypoint_publisher/lib/waypoint_publisher
[3.980s] writing list of installed files to '/home/bard/Documents/ascend/suas/WaypointPublisher/build/waypoint_publisher/install.log'
[4.030s] Invoked command in '/home/bard/Documents/ascend/suas/WaypointPublisher/src/waypoint_publisher' returned '0': PYTHONPATH=/home/bard/Documents/ascend/suas/WaypointPublisher/install/waypoint_publisher/lib/python3.8/site-packages:${PYTHONPATH} /usr/bin/python3 setup.py egg_info --egg-base ../../build/waypoint_publisher build --build-base /home/bard/Documents/ascend/suas/WaypointPublisher/build/waypoint_publisher/build install --prefix /home/bard/Documents/ascend/suas/WaypointPublisher/install/waypoint_publisher --record /home/bard/Documents/ascend/suas/WaypointPublisher/build/waypoint_publisher/install.log --single-version-externally-managed
