[2.021s] Invoking command in '/home/bard/Documents/ascend/suas/WaypointPublisher/src/waypoint_publisher': PYTHONPATH=/home/bard/Documents/ascend/suas/WaypointPublisher/install/waypoint_publisher/lib/python3.8/site-packages:${PYTHONPATH} /usr/bin/python3 setup.py egg_info --egg-base ../../build/waypoint_publisher build --build-base /home/bard/Documents/ascend/suas/WaypointPublisher/build/waypoint_publisher/build install --prefix /home/bard/Documents/ascend/suas/WaypointPublisher/install/waypoint_publisher --record /home/bard/Documents/ascend/suas/WaypointPublisher/build/waypoint_publisher/install.log --single-version-externally-managed
[2.280s] /home/bard/.local/lib/python3.8/site-packages/setuptools/dist.py:744: UserWarning: Usage of dash-separated 'script-dir' will not be supported in future versions. Please use the underscore name 'script_dir' instead
[2.280s]   warnings.warn(
[2.280s] /home/bard/.local/lib/python3.8/site-packages/setuptools/dist.py:744: UserWarning: Usage of dash-separated 'install-scripts' will not be supported in future versions. Please use the underscore name 'install_scripts' instead
[2.280s]   warnings.warn(
[2.882s] running egg_info
[2.948s] writing ../../build/waypoint_publisher/waypoint_publisher.egg-info/PKG-INFO
[3.000s] writing dependency_links to ../../build/waypoint_publisher/waypoint_publisher.egg-info/dependency_links.txt
[3.174s] writing entry points to ../../build/waypoint_publisher/waypoint_publisher.egg-info/entry_points.txt
[3.278s] writing requirements to ../../build/waypoint_publisher/waypoint_publisher.egg-info/requires.txt
[3.331s] writing top-level names to ../../build/waypoint_publisher/waypoint_publisher.egg-info/top_level.txt
[3.412s] reading manifest file '../../build/waypoint_publisher/waypoint_publisher.egg-info/SOURCES.txt'
[3.413s] writing manifest file '../../build/waypoint_publisher/waypoint_publisher.egg-info/SOURCES.txt'
[3.413s] running build
[3.413s] running build_py
[3.413s] running install
[3.414s] /home/bard/.local/lib/python3.8/site-packages/setuptools/command/install.py:34: SetuptoolsDeprecationWarning: setup.py install is deprecated. Use build and pip and other standards-based tools.
[3.414s]   warnings.warn(
[3.420s] running install_lib
[3.489s] running install_data
[3.502s] running install_egg_info
[3.575s] removing '/home/bard/Documents/ascend/suas/WaypointPublisher/install/waypoint_publisher/lib/python3.8/site-packages/waypoint_publisher-0.0.0-py3.8.egg-info' (and everything under it)
[3.576s] Copying ../../build/waypoint_publisher/waypoint_publisher.egg-info to /home/bard/Documents/ascend/suas/WaypointPublisher/install/waypoint_publisher/lib/python3.8/site-packages/waypoint_publisher-0.0.0-py3.8.egg-info
[3.577s] running install_scripts
[3.713s] Installing wp_publisher_node script to /home/bard/Documents/ascend/suas/WaypointPublisher/install/waypoint_publisher/lib/waypoint_publisher
[3.713s] writing list of installed files to '/home/bard/Documents/ascend/suas/WaypointPublisher/build/waypoint_publisher/install.log'
[3.773s] Invoked command in '/home/bard/Documents/ascend/suas/WaypointPublisher/src/waypoint_publisher' returned '0': PYTHONPATH=/home/bard/Documents/ascend/suas/WaypointPublisher/install/waypoint_publisher/lib/python3.8/site-packages:${PYTHONPATH} /usr/bin/python3 setup.py egg_info --egg-base ../../build/waypoint_publisher build --build-base /home/bard/Documents/ascend/suas/WaypointPublisher/build/waypoint_publisher/build install --prefix /home/bard/Documents/ascend/suas/WaypointPublisher/install/waypoint_publisher --record /home/bard/Documents/ascend/suas/WaypointPublisher/build/waypoint_publisher/install.log --single-version-externally-managed
