[0.409s] DEBUG:colcon:Command line arguments: ['/usr/bin/colcon', 'build']
[0.409s] DEBUG:colcon:Parsed command line arguments: Namespace(allow_overriding=[], ament_cmake_args=None, base_paths=['.'], build_base='build', catkin_cmake_args=None, catkin_skip_building_tests=False, cmake_args=None, cmake_clean_cache=False, cmake_clean_first=False, cmake_force_configure=False, cmake_target=None, cmake_target_skip_unavailable=False, continue_on_error=False, event_handlers=None, executor='parallel', ignore_user_meta=False, install_base='install', log_base=None, log_level=None, main=<bound method BuildVerb.main of <colcon_core.verb.build.BuildVerb object at 0x7f512c973670>>, merge_install=False, metas=['./colcon.meta'], packages_above=None, packages_above_and_dependencies=None, packages_above_depth=None, packages_end=None, packages_ignore=None, packages_ignore_regex=None, packages_select=None, packages_select_build_failed=False, packages_select_by_dep=None, packages_select_regex=None, packages_select_test_failures=False, packages_skip=None, packages_skip_build_finished=False, packages_skip_by_dep=None, packages_skip_regex=None, packages_skip_test_passed=False, packages_skip_up_to=None, packages_start=None, packages_up_to=None, packages_up_to_regex=None, parallel_workers=16, paths=None, symlink_install=False, test_result_base=None, verb_extension=<colcon_core.verb.build.BuildVerb object at 0x7f512c973670>, verb_name='build', verb_parser=<colcon_defaults.argument_parser.defaults.DefaultArgumentsDecorator object at 0x7f512c181610>)
[0.467s] Level 1:colcon.colcon_core.package_discovery:discover_packages(colcon_meta) check parameters
[0.467s] Level 1:colcon.colcon_core.package_discovery:discover_packages(recursive) check parameters
[0.467s] Level 1:colcon.colcon_core.package_discovery:discover_packages(ignore) check parameters
[0.467s] Level 1:colcon.colcon_core.package_discovery:discover_packages(path) check parameters
[0.467s] Level 1:colcon.colcon_core.package_discovery:discover_packages(colcon_meta) discover
[0.467s] Level 1:colcon.colcon_core.package_discovery:discover_packages(recursive) discover
[0.467s] INFO:colcon.colcon_core.package_discovery:Crawling recursively for packages in '/home/bard/Documents/ascend/suas/WaypointPublisher'
[0.467s] Level 1:colcon.colcon_core.package_identification:_identify(.) by extensions ['ignore', 'ignore_ament_install']
[0.467s] Level 1:colcon.colcon_core.package_identification:_identify(.) by extension 'ignore'
[0.467s] Level 1:colcon.colcon_core.package_identification:_identify(.) by extension 'ignore_ament_install'
[0.467s] Level 1:colcon.colcon_core.package_identification:_identify(.) by extensions ['colcon_pkg']
[0.468s] Level 1:colcon.colcon_core.package_identification:_identify(.) by extension 'colcon_pkg'
[0.468s] Level 1:colcon.colcon_core.package_identification:_identify(.) by extensions ['colcon_meta']
[0.468s] Level 1:colcon.colcon_core.package_identification:_identify(.) by extension 'colcon_meta'
[0.468s] Level 1:colcon.colcon_core.package_identification:_identify(.) by extensions ['ros']
[0.468s] Level 1:colcon.colcon_core.package_identification:_identify(.) by extension 'ros'
[0.488s] Level 1:colcon.colcon_core.package_identification:_identify(.) by extensions ['cmake', 'python']
[0.488s] Level 1:colcon.colcon_core.package_identification:_identify(.) by extension 'cmake'
[0.488s] Level 1:colcon.colcon_core.package_identification:_identify(.) by extension 'python'
[0.488s] Level 1:colcon.colcon_core.package_identification:_identify(.) by extensions ['python_setup_py']
[0.488s] Level 1:colcon.colcon_core.package_identification:_identify(.) by extension 'python_setup_py'
[0.488s] Level 1:colcon.colcon_core.package_identification:_identify(build) by extensions ['ignore', 'ignore_ament_install']
[0.488s] Level 1:colcon.colcon_core.package_identification:_identify(build) by extension 'ignore'
[0.488s] Level 1:colcon.colcon_core.package_identification:_identify(build) ignored
[0.489s] Level 1:colcon.colcon_core.package_identification:_identify(config) by extensions ['ignore', 'ignore_ament_install']
[0.489s] Level 1:colcon.colcon_core.package_identification:_identify(config) by extension 'ignore'
[0.489s] Level 1:colcon.colcon_core.package_identification:_identify(config) by extension 'ignore_ament_install'
[0.489s] Level 1:colcon.colcon_core.package_identification:_identify(config) by extensions ['colcon_pkg']
[0.489s] Level 1:colcon.colcon_core.package_identification:_identify(config) by extension 'colcon_pkg'
[0.489s] Level 1:colcon.colcon_core.package_identification:_identify(config) by extensions ['colcon_meta']
[0.489s] Level 1:colcon.colcon_core.package_identification:_identify(config) by extension 'colcon_meta'
[0.489s] Level 1:colcon.colcon_core.package_identification:_identify(config) by extensions ['ros']
[0.489s] Level 1:colcon.colcon_core.package_identification:_identify(config) by extension 'ros'
[0.489s] Level 1:colcon.colcon_core.package_identification:_identify(config) by extensions ['cmake', 'python']
[0.489s] Level 1:colcon.colcon_core.package_identification:_identify(config) by extension 'cmake'
[0.489s] Level 1:colcon.colcon_core.package_identification:_identify(config) by extension 'python'
[0.489s] Level 1:colcon.colcon_core.package_identification:_identify(config) by extensions ['python_setup_py']
[0.489s] Level 1:colcon.colcon_core.package_identification:_identify(config) by extension 'python_setup_py'
[0.489s] Level 1:colcon.colcon_core.package_identification:_identify(config/mavros) by extensions ['ignore', 'ignore_ament_install']
[0.489s] Level 1:colcon.colcon_core.package_identification:_identify(config/mavros) by extension 'ignore'
[0.489s] Level 1:colcon.colcon_core.package_identification:_identify(config/mavros) by extension 'ignore_ament_install'
[0.490s] Level 1:colcon.colcon_core.package_identification:_identify(config/mavros) by extensions ['colcon_pkg']
[0.490s] Level 1:colcon.colcon_core.package_identification:_identify(config/mavros) by extension 'colcon_pkg'
[0.490s] Level 1:colcon.colcon_core.package_identification:_identify(config/mavros) by extensions ['colcon_meta']
[0.490s] Level 1:colcon.colcon_core.package_identification:_identify(config/mavros) by extension 'colcon_meta'
[0.490s] Level 1:colcon.colcon_core.package_identification:_identify(config/mavros) by extensions ['ros']
[0.490s] Level 1:colcon.colcon_core.package_identification:_identify(config/mavros) by extension 'ros'
[0.490s] Level 1:colcon.colcon_core.package_identification:_identify(config/mavros) by extensions ['cmake', 'python']
[0.490s] Level 1:colcon.colcon_core.package_identification:_identify(config/mavros) by extension 'cmake'
[0.490s] Level 1:colcon.colcon_core.package_identification:_identify(config/mavros) by extension 'python'
[0.490s] Level 1:colcon.colcon_core.package_identification:_identify(config/mavros) by extensions ['python_setup_py']
[0.490s] Level 1:colcon.colcon_core.package_identification:_identify(config/mavros) by extension 'python_setup_py'
[0.490s] Level 1:colcon.colcon_core.package_identification:_identify(docker) by extensions ['ignore', 'ignore_ament_install']
[0.490s] Level 1:colcon.colcon_core.package_identification:_identify(docker) by extension 'ignore'
[0.490s] Level 1:colcon.colcon_core.package_identification:_identify(docker) by extension 'ignore_ament_install'
[0.490s] Level 1:colcon.colcon_core.package_identification:_identify(docker) by extensions ['colcon_pkg']
[0.490s] Level 1:colcon.colcon_core.package_identification:_identify(docker) by extension 'colcon_pkg'
[0.490s] Level 1:colcon.colcon_core.package_identification:_identify(docker) by extensions ['colcon_meta']
[0.490s] Level 1:colcon.colcon_core.package_identification:_identify(docker) by extension 'colcon_meta'
[0.491s] Level 1:colcon.colcon_core.package_identification:_identify(docker) by extensions ['ros']
[0.491s] Level 1:colcon.colcon_core.package_identification:_identify(docker) by extension 'ros'
[0.491s] Level 1:colcon.colcon_core.package_identification:_identify(docker) by extensions ['cmake', 'python']
[0.491s] Level 1:colcon.colcon_core.package_identification:_identify(docker) by extension 'cmake'
[0.491s] Level 1:colcon.colcon_core.package_identification:_identify(docker) by extension 'python'
[0.491s] Level 1:colcon.colcon_core.package_identification:_identify(docker) by extensions ['python_setup_py']
[0.491s] Level 1:colcon.colcon_core.package_identification:_identify(docker) by extension 'python_setup_py'
[0.491s] Level 1:colcon.colcon_core.package_identification:_identify(install) by extensions ['ignore', 'ignore_ament_install']
[0.491s] Level 1:colcon.colcon_core.package_identification:_identify(install) by extension 'ignore'
[0.491s] Level 1:colcon.colcon_core.package_identification:_identify(install) ignored
[0.491s] Level 1:colcon.colcon_core.package_identification:_identify(log) by extensions ['ignore', 'ignore_ament_install']
[0.491s] Level 1:colcon.colcon_core.package_identification:_identify(log) by extension 'ignore'
[0.491s] Level 1:colcon.colcon_core.package_identification:_identify(log) ignored
[0.492s] Level 1:colcon.colcon_core.package_identification:_identify(src) by extensions ['ignore', 'ignore_ament_install']
[0.492s] Level 1:colcon.colcon_core.package_identification:_identify(src) by extension 'ignore'
[0.492s] Level 1:colcon.colcon_core.package_identification:_identify(src) by extension 'ignore_ament_install'
[0.492s] Level 1:colcon.colcon_core.package_identification:_identify(src) by extensions ['colcon_pkg']
[0.492s] Level 1:colcon.colcon_core.package_identification:_identify(src) by extension 'colcon_pkg'
[0.492s] Level 1:colcon.colcon_core.package_identification:_identify(src) by extensions ['colcon_meta']
[0.492s] Level 1:colcon.colcon_core.package_identification:_identify(src) by extension 'colcon_meta'
[0.492s] Level 1:colcon.colcon_core.package_identification:_identify(src) by extensions ['ros']
[0.492s] Level 1:colcon.colcon_core.package_identification:_identify(src) by extension 'ros'
[0.492s] Level 1:colcon.colcon_core.package_identification:_identify(src) by extensions ['cmake', 'python']
[0.492s] Level 1:colcon.colcon_core.package_identification:_identify(src) by extension 'cmake'
[0.492s] Level 1:colcon.colcon_core.package_identification:_identify(src) by extension 'python'
[0.492s] Level 1:colcon.colcon_core.package_identification:_identify(src) by extensions ['python_setup_py']
[0.492s] Level 1:colcon.colcon_core.package_identification:_identify(src) by extension 'python_setup_py'
[0.492s] Level 1:colcon.colcon_core.package_identification:_identify(src/waypoint_publisher) by extensions ['ignore', 'ignore_ament_install']
[0.492s] Level 1:colcon.colcon_core.package_identification:_identify(src/waypoint_publisher) by extension 'ignore'
[0.493s] Level 1:colcon.colcon_core.package_identification:_identify(src/waypoint_publisher) by extension 'ignore_ament_install'
[0.493s] Level 1:colcon.colcon_core.package_identification:_identify(src/waypoint_publisher) by extensions ['colcon_pkg']
[0.493s] Level 1:colcon.colcon_core.package_identification:_identify(src/waypoint_publisher) by extension 'colcon_pkg'
[0.493s] Level 1:colcon.colcon_core.package_identification:_identify(src/waypoint_publisher) by extensions ['colcon_meta']
[0.493s] Level 1:colcon.colcon_core.package_identification:_identify(src/waypoint_publisher) by extension 'colcon_meta'
[0.493s] Level 1:colcon.colcon_core.package_identification:_identify(src/waypoint_publisher) by extensions ['ros']
[0.493s] Level 1:colcon.colcon_core.package_identification:_identify(src/waypoint_publisher) by extension 'ros'
[0.495s] DEBUG:colcon.colcon_core.package_identification:Package 'src/waypoint_publisher' with type 'ros.ament_python' and name 'waypoint_publisher'
[0.495s] Level 1:colcon.colcon_core.package_discovery:discover_packages(recursive) using defaults
[0.495s] Level 1:colcon.colcon_core.package_discovery:discover_packages(ignore) discover
[0.495s] Level 1:colcon.colcon_core.package_discovery:discover_packages(ignore) using defaults
[0.495s] Level 1:colcon.colcon_core.package_discovery:discover_packages(path) discover
[0.495s] Level 1:colcon.colcon_core.package_discovery:discover_packages(path) using defaults
[0.537s] Level 1:colcon.colcon_core.package_discovery:discover_packages(prefix_path) check parameters
[0.537s] Level 1:colcon.colcon_core.package_discovery:discover_packages(prefix_path) discover
[0.541s] DEBUG:colcon.colcon_installed_package_information.package_discovery:Found 176 installed packages in /opt/ros/foxy
[0.542s] Level 1:colcon.colcon_core.package_discovery:discover_packages(prefix_path) using defaults
[0.585s] Level 5:colcon.colcon_core.verb:set package 'waypoint_publisher' build argument 'cmake_args' from command line to 'None'
[0.585s] Level 5:colcon.colcon_core.verb:set package 'waypoint_publisher' build argument 'cmake_target' from command line to 'None'
[0.585s] Level 5:colcon.colcon_core.verb:set package 'waypoint_publisher' build argument 'cmake_target_skip_unavailable' from command line to 'False'
[0.585s] Level 5:colcon.colcon_core.verb:set package 'waypoint_publisher' build argument 'cmake_clean_cache' from command line to 'False'
[0.585s] Level 5:colcon.colcon_core.verb:set package 'waypoint_publisher' build argument 'cmake_clean_first' from command line to 'False'
[0.585s] Level 5:colcon.colcon_core.verb:set package 'waypoint_publisher' build argument 'cmake_force_configure' from command line to 'False'
[0.585s] Level 5:colcon.colcon_core.verb:set package 'waypoint_publisher' build argument 'ament_cmake_args' from command line to 'None'
[0.585s] Level 5:colcon.colcon_core.verb:set package 'waypoint_publisher' build argument 'catkin_cmake_args' from command line to 'None'
[0.585s] Level 5:colcon.colcon_core.verb:set package 'waypoint_publisher' build argument 'catkin_skip_building_tests' from command line to 'False'
[0.585s] DEBUG:colcon.colcon_core.verb:Building package 'waypoint_publisher' with the following arguments: {'ament_cmake_args': None, 'build_base': '/home/bard/Documents/ascend/suas/WaypointPublisher/build/waypoint_publisher', 'catkin_cmake_args': None, 'catkin_skip_building_tests': False, 'cmake_args': None, 'cmake_clean_cache': False, 'cmake_clean_first': False, 'cmake_force_configure': False, 'cmake_target': None, 'cmake_target_skip_unavailable': False, 'install_base': '/home/bard/Documents/ascend/suas/WaypointPublisher/install/waypoint_publisher', 'merge_install': False, 'path': '/home/bard/Documents/ascend/suas/WaypointPublisher/src/waypoint_publisher', 'symlink_install': False, 'test_result_base': None}
[0.586s] INFO:colcon.colcon_core.executor:Executing jobs using 'parallel' executor
[0.596s] DEBUG:colcon.colcon_parallel_executor.executor.parallel:run_until_complete
[0.596s] INFO:colcon.colcon_ros.task.ament_python.build:Building ROS package in '/home/bard/Documents/ascend/suas/WaypointPublisher/src/waypoint_publisher' with build type 'ament_python'
[0.596s] Level 1:colcon.colcon_core.shell:create_environment_hook('waypoint_publisher', 'ament_prefix_path')
[0.604s] INFO:colcon.colcon_core.plugin_system:Skipping extension 'colcon_core.shell.bat': Not used on non-Windows systems
[0.604s] INFO:colcon.colcon_core.shell:Creating environment hook '/home/bard/Documents/ascend/suas/WaypointPublisher/install/waypoint_publisher/share/waypoint_publisher/hook/ament_prefix_path.ps1'
[0.605s] INFO:colcon.colcon_core.shell:Creating environment descriptor '/home/bard/Documents/ascend/suas/WaypointPublisher/install/waypoint_publisher/share/waypoint_publisher/hook/ament_prefix_path.dsv'
[0.606s] INFO:colcon.colcon_core.shell:Creating environment hook '/home/bard/Documents/ascend/suas/WaypointPublisher/install/waypoint_publisher/share/waypoint_publisher/hook/ament_prefix_path.sh'
[0.610s] INFO:colcon.colcon_core.shell:Skip shell extension 'powershell' for command environment: Not usable outside of PowerShell
[0.610s] DEBUG:colcon.colcon_core.shell:Skip shell extension 'dsv' for command environment
[1.435s] INFO:colcon.colcon_core.task.python.build:Building Python package in '/home/bard/Documents/ascend/suas/WaypointPublisher/src/waypoint_publisher'
[1.440s] INFO:colcon.colcon_core.shell:Skip shell extension 'powershell' for command environment: Not usable outside of PowerShell
[1.440s] DEBUG:colcon.colcon_core.shell:Skip shell extension 'dsv' for command environment
[2.620s] DEBUG:colcon.colcon_core.event_handler.log_command:Invoking command in '/home/bard/Documents/ascend/suas/WaypointPublisher/src/waypoint_publisher': PYTHONPATH=/home/bard/Documents/ascend/suas/WaypointPublisher/install/waypoint_publisher/lib/python3.8/site-packages:${PYTHONPATH} /usr/bin/python3 setup.py egg_info --egg-base ../../build/waypoint_publisher build --build-base /home/bard/Documents/ascend/suas/WaypointPublisher/build/waypoint_publisher/build install --prefix /home/bard/Documents/ascend/suas/WaypointPublisher/install/waypoint_publisher --record /home/bard/Documents/ascend/suas/WaypointPublisher/build/waypoint_publisher/install.log --single-version-externally-managed
[4.371s] DEBUG:colcon.colcon_core.event_handler.log_command:Invoked command in '/home/bard/Documents/ascend/suas/WaypointPublisher/src/waypoint_publisher' returned '0': PYTHONPATH=/home/bard/Documents/ascend/suas/WaypointPublisher/install/waypoint_publisher/lib/python3.8/site-packages:${PYTHONPATH} /usr/bin/python3 setup.py egg_info --egg-base ../../build/waypoint_publisher build --build-base /home/bard/Documents/ascend/suas/WaypointPublisher/build/waypoint_publisher/build install --prefix /home/bard/Documents/ascend/suas/WaypointPublisher/install/waypoint_publisher --record /home/bard/Documents/ascend/suas/WaypointPublisher/build/waypoint_publisher/install.log --single-version-externally-managed
[4.380s] Level 1:colcon.colcon_core.environment:checking '/home/bard/Documents/ascend/suas/WaypointPublisher/install/waypoint_publisher' for CMake module files
[4.381s] Level 1:colcon.colcon_core.environment:checking '/home/bard/Documents/ascend/suas/WaypointPublisher/install/waypoint_publisher' for CMake config files
[4.382s] Level 1:colcon.colcon_core.environment:checking '/home/bard/Documents/ascend/suas/WaypointPublisher/install/waypoint_publisher/lib'
[4.382s] Level 1:colcon.colcon_core.environment:checking '/home/bard/Documents/ascend/suas/WaypointPublisher/install/waypoint_publisher/bin'
[4.382s] Level 1:colcon.colcon_core.environment:checking '/home/bard/Documents/ascend/suas/WaypointPublisher/install/waypoint_publisher/lib/pkgconfig/waypoint_publisher.pc'
[4.383s] Level 1:colcon.colcon_core.environment:checking '/home/bard/Documents/ascend/suas/WaypointPublisher/install/waypoint_publisher/lib/python3.8/site-packages'
[4.383s] Level 1:colcon.colcon_core.shell:create_environment_hook('waypoint_publisher', 'pythonpath')
[4.386s] INFO:colcon.colcon_core.shell:Creating environment hook '/home/bard/Documents/ascend/suas/WaypointPublisher/install/waypoint_publisher/share/waypoint_publisher/hook/pythonpath.ps1'
[4.387s] INFO:colcon.colcon_core.shell:Creating environment descriptor '/home/bard/Documents/ascend/suas/WaypointPublisher/install/waypoint_publisher/share/waypoint_publisher/hook/pythonpath.dsv'
[4.387s] INFO:colcon.colcon_core.shell:Creating environment hook '/home/bard/Documents/ascend/suas/WaypointPublisher/install/waypoint_publisher/share/waypoint_publisher/hook/pythonpath.sh'
[4.388s] Level 1:colcon.colcon_core.environment:checking '/home/bard/Documents/ascend/suas/WaypointPublisher/install/waypoint_publisher/bin'
[4.388s] Level 1:colcon.colcon_core.environment:create_environment_scripts_only(waypoint_publisher)
[4.391s] INFO:colcon.colcon_core.shell:Creating package script '/home/bard/Documents/ascend/suas/WaypointPublisher/install/waypoint_publisher/share/waypoint_publisher/package.ps1'
[4.392s] INFO:colcon.colcon_core.shell:Creating package descriptor '/home/bard/Documents/ascend/suas/WaypointPublisher/install/waypoint_publisher/share/waypoint_publisher/package.dsv'
[4.392s] INFO:colcon.colcon_core.shell:Creating package script '/home/bard/Documents/ascend/suas/WaypointPublisher/install/waypoint_publisher/share/waypoint_publisher/package.sh'
[4.393s] INFO:colcon.colcon_core.shell:Creating package script '/home/bard/Documents/ascend/suas/WaypointPublisher/install/waypoint_publisher/share/waypoint_publisher/package.bash'
[4.394s] INFO:colcon.colcon_core.shell:Creating package script '/home/bard/Documents/ascend/suas/WaypointPublisher/install/waypoint_publisher/share/waypoint_publisher/package.zsh'
[4.394s] Level 1:colcon.colcon_core.environment:create_file_with_runtime_dependencies(/home/bard/Documents/ascend/suas/WaypointPublisher/install/waypoint_publisher/share/colcon-core/packages/waypoint_publisher)
[4.395s] DEBUG:colcon.colcon_parallel_executor.executor.parallel:closing loop
[4.395s] DEBUG:colcon.colcon_parallel_executor.executor.parallel:loop closed
[4.395s] DEBUG:colcon.colcon_parallel_executor.executor.parallel:run_until_complete finished with '0'
[4.395s] DEBUG:colcon.colcon_core.event_reactor:joining thread
[4.407s] INFO:colcon.colcon_core.plugin_system:Skipping extension 'colcon_notification.desktop_notification.terminal_notifier': Not used on non-Darwin systems
[4.407s] INFO:colcon.colcon_core.plugin_system:Skipping extension 'colcon_notification.desktop_notification.win32': Not used on non-Windows systems
[4.407s] INFO:colcon.colcon_notification.desktop_notification:Sending desktop notification using 'notify2'
[4.430s] DEBUG:colcon.colcon_core.event_reactor:joined thread
[4.435s] INFO:colcon.colcon_core.shell:Creating prefix script '/home/bard/Documents/ascend/suas/WaypointPublisher/install/local_setup.ps1'
[4.436s] INFO:colcon.colcon_core.shell:Creating prefix util module '/home/bard/Documents/ascend/suas/WaypointPublisher/install/_local_setup_util_ps1.py'
[4.438s] INFO:colcon.colcon_core.shell:Creating prefix chain script '/home/bard/Documents/ascend/suas/WaypointPublisher/install/setup.ps1'
[4.440s] INFO:colcon.colcon_core.shell:Creating prefix script '/home/bard/Documents/ascend/suas/WaypointPublisher/install/local_setup.sh'
[4.440s] INFO:colcon.colcon_core.shell:Creating prefix util module '/home/bard/Documents/ascend/suas/WaypointPublisher/install/_local_setup_util_sh.py'
[4.441s] INFO:colcon.colcon_core.shell:Creating prefix chain script '/home/bard/Documents/ascend/suas/WaypointPublisher/install/setup.sh'
[4.442s] INFO:colcon.colcon_core.shell:Creating prefix script '/home/bard/Documents/ascend/suas/WaypointPublisher/install/local_setup.bash'
[4.443s] INFO:colcon.colcon_core.shell:Creating prefix chain script '/home/bard/Documents/ascend/suas/WaypointPublisher/install/setup.bash'
[4.444s] INFO:colcon.colcon_core.shell:Creating prefix script '/home/bard/Documents/ascend/suas/WaypointPublisher/install/local_setup.zsh'
[4.445s] INFO:colcon.colcon_core.shell:Creating prefix chain script '/home/bard/Documents/ascend/suas/WaypointPublisher/install/setup.zsh'
