[1.986s] Invoking command in '/home/bard/Documents/ascend/suas/WaypointPublisher/src/waypoint_publisher': PYTHONPATH=/home/bard/Documents/ascend/suas/WaypointPublisher/install/waypoint_publisher/lib/python3.8/site-packages:${PYTHONPATH} /usr/bin/python3 setup.py egg_info --egg-base ../../build/waypoint_publisher build --build-base /home/bard/Documents/ascend/suas/WaypointPublisher/build/waypoint_publisher/build install --prefix /home/bard/Documents/ascend/suas/WaypointPublisher/install/waypoint_publisher --record /home/bard/Documents/ascend/suas/WaypointPublisher/build/waypoint_publisher/install.log --single-version-externally-managed
[2.255s] /home/bard/.local/lib/python3.8/site-packages/setuptools/dist.py:744: UserWarning: Usage of dash-separated 'script-dir' will not be supported in future versions. Please use the underscore name 'script_dir' instead
[2.255s]   warnings.warn(
[2.255s] /home/bard/.local/lib/python3.8/site-packages/setuptools/dist.py:744: UserWarning: Usage of dash-separated 'install-scripts' will not be supported in future versions. Please use the underscore name 'install_scripts' instead
[2.255s]   warnings.warn(
[2.896s] running egg_info
[2.966s] writing ../../build/waypoint_publisher/waypoint_publisher.egg-info/PKG-INFO
[3.021s] writing dependency_links to ../../build/waypoint_publisher/waypoint_publisher.egg-info/dependency_links.txt
[3.189s] writing entry points to ../../build/waypoint_publisher/waypoint_publisher.egg-info/entry_points.txt
[3.294s] writing requirements to ../../build/waypoint_publisher/waypoint_publisher.egg-info/requires.txt
[3.348s] writing top-level names to ../../build/waypoint_publisher/waypoint_publisher.egg-info/top_level.txt
[3.429s] reading manifest file '../../build/waypoint_publisher/waypoint_publisher.egg-info/SOURCES.txt'
[3.430s] writing manifest file '../../build/waypoint_publisher/waypoint_publisher.egg-info/SOURCES.txt'
[3.430s] running build
[3.430s] running build_py
[3.431s] running install
[3.431s] /home/bard/.local/lib/python3.8/site-packages/setuptools/command/install.py:34: SetuptoolsDeprecationWarning: setup.py install is deprecated. Use build and pip and other standards-based tools.
[3.431s]   warnings.warn(
[3.437s] running install_lib
[3.502s] running install_data
[3.515s] running install_egg_info
[3.581s] removing '/home/bard/Documents/ascend/suas/WaypointPublisher/install/waypoint_publisher/lib/python3.8/site-packages/waypoint_publisher-0.0.0-py3.8.egg-info' (and everything under it)
[3.582s] Copying ../../build/waypoint_publisher/waypoint_publisher.egg-info to /home/bard/Documents/ascend/suas/WaypointPublisher/install/waypoint_publisher/lib/python3.8/site-packages/waypoint_publisher-0.0.0-py3.8.egg-info
[3.583s] running install_scripts
[3.720s] Installing wp_publisher_node script to /home/bard/Documents/ascend/suas/WaypointPublisher/install/waypoint_publisher/lib/waypoint_publisher
[3.721s] writing list of installed files to '/home/bard/Documents/ascend/suas/WaypointPublisher/build/waypoint_publisher/install.log'
[3.779s] Invoked command in '/home/bard/Documents/ascend/suas/WaypointPublisher/src/waypoint_publisher' returned '0': PYTHONPATH=/home/bard/Documents/ascend/suas/WaypointPublisher/install/waypoint_publisher/lib/python3.8/site-packages:${PYTHONPATH} /usr/bin/python3 setup.py egg_info --egg-base ../../build/waypoint_publisher build --build-base /home/bard/Documents/ascend/suas/WaypointPublisher/build/waypoint_publisher/build install --prefix /home/bard/Documents/ascend/suas/WaypointPublisher/install/waypoint_publisher --record /home/bard/Documents/ascend/suas/WaypointPublisher/build/waypoint_publisher/install.log --single-version-externally-managed
