[1.395s] Invoking command in '/home/bard/Documents/ascend/suas/WaypointPublisher/src/waypoint_publisher': PYTHONPATH=/home/bard/Documents/ascend/suas/WaypointPublisher/install/waypoint_publisher/lib/python3.8/site-packages:${PYTHONPATH} /usr/bin/python3 setup.py egg_info --egg-base ../../build/waypoint_publisher build --build-base /home/bard/Documents/ascend/suas/WaypointPublisher/build/waypoint_publisher/build install --prefix /home/bard/Documents/ascend/suas/WaypointPublisher/install/waypoint_publisher --record /home/bard/Documents/ascend/suas/WaypointPublisher/build/waypoint_publisher/install.log --single-version-externally-managed
[1.591s] /home/bard/.local/lib/python3.8/site-packages/setuptools/dist.py:744: UserWarning: Usage of dash-separated 'script-dir' will not be supported in future versions. Please use the underscore name 'script_dir' instead
[1.591s]   warnings.warn(
[1.591s] /home/bard/.local/lib/python3.8/site-packages/setuptools/dist.py:744: UserWarning: Usage of dash-separated 'install-scripts' will not be supported in future versions. Please use the underscore name 'install_scripts' instead
[1.591s]   warnings.warn(
[2.028s] running egg_info
[2.072s] writing ../../build/waypoint_publisher/waypoint_publisher.egg-info/PKG-INFO
[2.107s] writing dependency_links to ../../build/waypoint_publisher/waypoint_publisher.egg-info/dependency_links.txt
[2.230s] writing entry points to ../../build/waypoint_publisher/waypoint_publisher.egg-info/entry_points.txt
[2.302s] writing requirements to ../../build/waypoint_publisher/waypoint_publisher.egg-info/requires.txt
[2.339s] writing top-level names to ../../build/waypoint_publisher/waypoint_publisher.egg-info/top_level.txt
[2.398s] reading manifest file '../../build/waypoint_publisher/waypoint_publisher.egg-info/SOURCES.txt'
[2.399s] writing manifest file '../../build/waypoint_publisher/waypoint_publisher.egg-info/SOURCES.txt'
[2.399s] running build
[2.399s] running build_py
[2.399s] copying waypoint_publisher/waypoint_publisher_node.py -> /home/bard/Documents/ascend/suas/WaypointPublisher/build/waypoint_publisher/build/lib/waypoint_publisher
[2.399s] running install
[2.400s] /home/bard/.local/lib/python3.8/site-packages/setuptools/command/install.py:34: SetuptoolsDeprecationWarning: setup.py install is deprecated. Use build and pip and other standards-based tools.
[2.400s]   warnings.warn(
[2.403s] running install_lib
[2.450s] copying /home/bard/Documents/ascend/suas/WaypointPublisher/build/waypoint_publisher/build/lib/waypoint_publisher/waypoint_publisher_node.py -> /home/bard/Documents/ascend/suas/WaypointPublisher/install/waypoint_publisher/lib/python3.8/site-packages/waypoint_publisher
[2.451s] byte-compiling /home/bard/Documents/ascend/suas/WaypointPublisher/install/waypoint_publisher/lib/python3.8/site-packages/waypoint_publisher/waypoint_publisher_node.py to waypoint_publisher_node.cpython-38.pyc
[2.452s] running install_data
[2.460s] running install_egg_info
[2.505s] removing '/home/bard/Documents/ascend/suas/WaypointPublisher/install/waypoint_publisher/lib/python3.8/site-packages/waypoint_publisher-0.0.0-py3.8.egg-info' (and everything under it)
[2.505s] Copying ../../build/waypoint_publisher/waypoint_publisher.egg-info to /home/bard/Documents/ascend/suas/WaypointPublisher/install/waypoint_publisher/lib/python3.8/site-packages/waypoint_publisher-0.0.0-py3.8.egg-info
[2.506s] running install_scripts
[2.593s] Installing wp_publisher_node script to /home/bard/Documents/ascend/suas/WaypointPublisher/install/waypoint_publisher/lib/waypoint_publisher
[2.593s] writing list of installed files to '/home/bard/Documents/ascend/suas/WaypointPublisher/build/waypoint_publisher/install.log'
[2.628s] Invoked command in '/home/bard/Documents/ascend/suas/WaypointPublisher/src/waypoint_publisher' returned '0': PYTHONPATH=/home/bard/Documents/ascend/suas/WaypointPublisher/install/waypoint_publisher/lib/python3.8/site-packages:${PYTHONPATH} /usr/bin/python3 setup.py egg_info --egg-base ../../build/waypoint_publisher build --build-base /home/bard/Documents/ascend/suas/WaypointPublisher/build/waypoint_publisher/build install --prefix /home/bard/Documents/ascend/suas/WaypointPublisher/install/waypoint_publisher --record /home/bard/Documents/ascend/suas/WaypointPublisher/build/waypoint_publisher/install.log --single-version-externally-managed
