[0.490s] DEBUG:colcon:Command line arguments: ['/usr/bin/colcon', 'build']
[0.491s] DEBUG:colcon:Parsed command line arguments: Namespace(allow_overriding=[], ament_cmake_args=None, base_paths=['.'], build_base='build', catkin_cmake_args=None, catkin_skip_building_tests=False, cmake_args=None, cmake_clean_cache=False, cmake_clean_first=False, cmake_force_configure=False, cmake_target=None, cmake_target_skip_unavailable=False, continue_on_error=False, event_handlers=None, executor='parallel', ignore_user_meta=False, install_base='install', log_base=None, log_level=None, main=<bound method BuildVerb.main of <colcon_core.verb.build.BuildVerb object at 0x7fb4e334b520>>, merge_install=False, metas=['./colcon.meta'], packages_above=None, packages_above_and_dependencies=None, packages_above_depth=None, packages_end=None, packages_ignore=None, packages_ignore_regex=None, packages_select=None, packages_select_build_failed=False, packages_select_by_dep=None, packages_select_regex=None, packages_select_test_failures=False, packages_skip=None, packages_skip_build_finished=False, packages_skip_by_dep=None, packages_skip_regex=None, packages_skip_test_passed=False, packages_skip_up_to=None, packages_start=None, packages_up_to=None, packages_up_to_regex=None, parallel_workers=16, paths=None, symlink_install=False, test_result_base=None, verb_extension=<colcon_core.verb.build.BuildVerb object at 0x7fb4e334b520>, verb_name='build', verb_parser=<colcon_defaults.argument_parser.defaults.DefaultArgumentsDecorator object at 0x7fb4e2ae9640>)
[0.566s] Level 1:colcon.colcon_core.package_discovery:discover_packages(colcon_meta) check parameters
[0.566s] Level 1:colcon.colcon_core.package_discovery:discover_packages(recursive) check parameters
[0.566s] Level 1:colcon.colcon_core.package_discovery:discover_packages(ignore) check parameters
[0.566s] Level 1:colcon.colcon_core.package_discovery:discover_packages(path) check parameters
[0.566s] Level 1:colcon.colcon_core.package_discovery:discover_packages(colcon_meta) discover
[0.566s] Level 1:colcon.colcon_core.package_discovery:discover_packages(recursive) discover
[0.566s] INFO:colcon.colcon_core.package_discovery:Crawling recursively for packages in '/home/bard/Documents/ascend/suas/WaypointPublisher'
[0.566s] Level 1:colcon.colcon_core.package_identification:_identify(.) by extensions ['ignore', 'ignore_ament_install']
[0.567s] Level 1:colcon.colcon_core.package_identification:_identify(.) by extension 'ignore'
[0.567s] Level 1:colcon.colcon_core.package_identification:_identify(.) by extension 'ignore_ament_install'
[0.567s] Level 1:colcon.colcon_core.package_identification:_identify(.) by extensions ['colcon_pkg']
[0.567s] Level 1:colcon.colcon_core.package_identification:_identify(.) by extension 'colcon_pkg'
[0.567s] Level 1:colcon.colcon_core.package_identification:_identify(.) by extensions ['colcon_meta']
[0.567s] Level 1:colcon.colcon_core.package_identification:_identify(.) by extension 'colcon_meta'
[0.567s] Level 1:colcon.colcon_core.package_identification:_identify(.) by extensions ['ros']
[0.567s] Level 1:colcon.colcon_core.package_identification:_identify(.) by extension 'ros'
[0.593s] Level 1:colcon.colcon_core.package_identification:_identify(.) by extensions ['cmake', 'python']
[0.593s] Level 1:colcon.colcon_core.package_identification:_identify(.) by extension 'cmake'
[0.593s] Level 1:colcon.colcon_core.package_identification:_identify(.) by extension 'python'
[0.593s] Level 1:colcon.colcon_core.package_identification:_identify(.) by extensions ['python_setup_py']
[0.593s] Level 1:colcon.colcon_core.package_identification:_identify(.) by extension 'python_setup_py'
[0.594s] Level 1:colcon.colcon_core.package_identification:_identify(build) by extensions ['ignore', 'ignore_ament_install']
[0.594s] Level 1:colcon.colcon_core.package_identification:_identify(build) by extension 'ignore'
[0.594s] Level 1:colcon.colcon_core.package_identification:_identify(build) ignored
[0.594s] Level 1:colcon.colcon_core.package_identification:_identify(config) by extensions ['ignore', 'ignore_ament_install']
[0.594s] Level 1:colcon.colcon_core.package_identification:_identify(config) by extension 'ignore'
[0.594s] Level 1:colcon.colcon_core.package_identification:_identify(config) by extension 'ignore_ament_install'
[0.594s] Level 1:colcon.colcon_core.package_identification:_identify(config) by extensions ['colcon_pkg']
[0.594s] Level 1:colcon.colcon_core.package_identification:_identify(config) by extension 'colcon_pkg'
[0.595s] Level 1:colcon.colcon_core.package_identification:_identify(config) by extensions ['colcon_meta']
[0.595s] Level 1:colcon.colcon_core.package_identification:_identify(config) by extension 'colcon_meta'
[0.595s] Level 1:colcon.colcon_core.package_identification:_identify(config) by extensions ['ros']
[0.595s] Level 1:colcon.colcon_core.package_identification:_identify(config) by extension 'ros'
[0.595s] Level 1:colcon.colcon_core.package_identification:_identify(config) by extensions ['cmake', 'python']
[0.595s] Level 1:colcon.colcon_core.package_identification:_identify(config) by extension 'cmake'
[0.595s] Level 1:colcon.colcon_core.package_identification:_identify(config) by extension 'python'
[0.595s] Level 1:colcon.colcon_core.package_identification:_identify(config) by extensions ['python_setup_py']
[0.595s] Level 1:colcon.colcon_core.package_identification:_identify(config) by extension 'python_setup_py'
[0.595s] Level 1:colcon.colcon_core.package_identification:_identify(config/mavros) by extensions ['ignore', 'ignore_ament_install']
[0.596s] Level 1:colcon.colcon_core.package_identification:_identify(config/mavros) by extension 'ignore'
[0.596s] Level 1:colcon.colcon_core.package_identification:_identify(config/mavros) by extension 'ignore_ament_install'
[0.596s] Level 1:colcon.colcon_core.package_identification:_identify(config/mavros) by extensions ['colcon_pkg']
[0.596s] Level 1:colcon.colcon_core.package_identification:_identify(config/mavros) by extension 'colcon_pkg'
[0.596s] Level 1:colcon.colcon_core.package_identification:_identify(config/mavros) by extensions ['colcon_meta']
[0.596s] Level 1:colcon.colcon_core.package_identification:_identify(config/mavros) by extension 'colcon_meta'
[0.596s] Level 1:colcon.colcon_core.package_identification:_identify(config/mavros) by extensions ['ros']
[0.596s] Level 1:colcon.colcon_core.package_identification:_identify(config/mavros) by extension 'ros'
[0.597s] Level 1:colcon.colcon_core.package_identification:_identify(config/mavros) by extensions ['cmake', 'python']
[0.597s] Level 1:colcon.colcon_core.package_identification:_identify(config/mavros) by extension 'cmake'
[0.597s] Level 1:colcon.colcon_core.package_identification:_identify(config/mavros) by extension 'python'
[0.597s] Level 1:colcon.colcon_core.package_identification:_identify(config/mavros) by extensions ['python_setup_py']
[0.597s] Level 1:colcon.colcon_core.package_identification:_identify(config/mavros) by extension 'python_setup_py'
[0.597s] Level 1:colcon.colcon_core.package_identification:_identify(docker) by extensions ['ignore', 'ignore_ament_install']
[0.597s] Level 1:colcon.colcon_core.package_identification:_identify(docker) by extension 'ignore'
[0.597s] Level 1:colcon.colcon_core.package_identification:_identify(docker) by extension 'ignore_ament_install'
[0.597s] Level 1:colcon.colcon_core.package_identification:_identify(docker) by extensions ['colcon_pkg']
[0.597s] Level 1:colcon.colcon_core.package_identification:_identify(docker) by extension 'colcon_pkg'
[0.598s] Level 1:colcon.colcon_core.package_identification:_identify(docker) by extensions ['colcon_meta']
[0.598s] Level 1:colcon.colcon_core.package_identification:_identify(docker) by extension 'colcon_meta'
[0.598s] Level 1:colcon.colcon_core.package_identification:_identify(docker) by extensions ['ros']
[0.598s] Level 1:colcon.colcon_core.package_identification:_identify(docker) by extension 'ros'
[0.598s] Level 1:colcon.colcon_core.package_identification:_identify(docker) by extensions ['cmake', 'python']
[0.598s] Level 1:colcon.colcon_core.package_identification:_identify(docker) by extension 'cmake'
[0.598s] Level 1:colcon.colcon_core.package_identification:_identify(docker) by extension 'python'
[0.598s] Level 1:colcon.colcon_core.package_identification:_identify(docker) by extensions ['python_setup_py']
[0.598s] Level 1:colcon.colcon_core.package_identification:_identify(docker) by extension 'python_setup_py'
[0.598s] Level 1:colcon.colcon_core.package_identification:_identify(install) by extensions ['ignore', 'ignore_ament_install']
[0.598s] Level 1:colcon.colcon_core.package_identification:_identify(install) by extension 'ignore'
[0.599s] Level 1:colcon.colcon_core.package_identification:_identify(install) ignored
[0.599s] Level 1:colcon.colcon_core.package_identification:_identify(log) by extensions ['ignore', 'ignore_ament_install']
[0.599s] Level 1:colcon.colcon_core.package_identification:_identify(log) by extension 'ignore'
[0.599s] Level 1:colcon.colcon_core.package_identification:_identify(log) ignored
[0.599s] Level 1:colcon.colcon_core.package_identification:_identify(src) by extensions ['ignore', 'ignore_ament_install']
[0.599s] Level 1:colcon.colcon_core.package_identification:_identify(src) by extension 'ignore'
[0.599s] Level 1:colcon.colcon_core.package_identification:_identify(src) by extension 'ignore_ament_install'
[0.600s] Level 1:colcon.colcon_core.package_identification:_identify(src) by extensions ['colcon_pkg']
[0.600s] Level 1:colcon.colcon_core.package_identification:_identify(src) by extension 'colcon_pkg'
[0.600s] Level 1:colcon.colcon_core.package_identification:_identify(src) by extensions ['colcon_meta']
[0.600s] Level 1:colcon.colcon_core.package_identification:_identify(src) by extension 'colcon_meta'
[0.600s] Level 1:colcon.colcon_core.package_identification:_identify(src) by extensions ['ros']
[0.600s] Level 1:colcon.colcon_core.package_identification:_identify(src) by extension 'ros'
[0.600s] Level 1:colcon.colcon_core.package_identification:_identify(src) by extensions ['cmake', 'python']
[0.600s] Level 1:colcon.colcon_core.package_identification:_identify(src) by extension 'cmake'
[0.600s] Level 1:colcon.colcon_core.package_identification:_identify(src) by extension 'python'
[0.600s] Level 1:colcon.colcon_core.package_identification:_identify(src) by extensions ['python_setup_py']
[0.601s] Level 1:colcon.colcon_core.package_identification:_identify(src) by extension 'python_setup_py'
[0.601s] Level 1:colcon.colcon_core.package_identification:_identify(src/waypoint_publisher) by extensions ['ignore', 'ignore_ament_install']
[0.601s] Level 1:colcon.colcon_core.package_identification:_identify(src/waypoint_publisher) by extension 'ignore'
[0.601s] Level 1:colcon.colcon_core.package_identification:_identify(src/waypoint_publisher) by extension 'ignore_ament_install'
[0.601s] Level 1:colcon.colcon_core.package_identification:_identify(src/waypoint_publisher) by extensions ['colcon_pkg']
[0.601s] Level 1:colcon.colcon_core.package_identification:_identify(src/waypoint_publisher) by extension 'colcon_pkg'
[0.601s] Level 1:colcon.colcon_core.package_identification:_identify(src/waypoint_publisher) by extensions ['colcon_meta']
[0.601s] Level 1:colcon.colcon_core.package_identification:_identify(src/waypoint_publisher) by extension 'colcon_meta'
[0.601s] Level 1:colcon.colcon_core.package_identification:_identify(src/waypoint_publisher) by extensions ['ros']
[0.601s] Level 1:colcon.colcon_core.package_identification:_identify(src/waypoint_publisher) by extension 'ros'
[0.605s] DEBUG:colcon.colcon_core.package_identification:Package 'src/waypoint_publisher' with type 'ros.ament_python' and name 'waypoint_publisher'
[0.605s] Level 1:colcon.colcon_core.package_discovery:discover_packages(recursive) using defaults
[0.605s] Level 1:colcon.colcon_core.package_discovery:discover_packages(ignore) discover
[0.605s] Level 1:colcon.colcon_core.package_discovery:discover_packages(ignore) using defaults
[0.605s] Level 1:colcon.colcon_core.package_discovery:discover_packages(path) discover
[0.605s] Level 1:colcon.colcon_core.package_discovery:discover_packages(path) using defaults
[0.642s] Level 1:colcon.colcon_core.package_discovery:discover_packages(prefix_path) check parameters
[0.642s] Level 1:colcon.colcon_core.package_discovery:discover_packages(prefix_path) discover
[0.647s] DEBUG:colcon.colcon_installed_package_information.package_discovery:Found 176 installed packages in /opt/ros/foxy
[0.648s] Level 1:colcon.colcon_core.package_discovery:discover_packages(prefix_path) using defaults
[0.698s] Level 5:colcon.colcon_core.verb:set package 'waypoint_publisher' build argument 'cmake_args' from command line to 'None'
[0.698s] Level 5:colcon.colcon_core.verb:set package 'waypoint_publisher' build argument 'cmake_target' from command line to 'None'
[0.698s] Level 5:colcon.colcon_core.verb:set package 'waypoint_publisher' build argument 'cmake_target_skip_unavailable' from command line to 'False'
[0.699s] Level 5:colcon.colcon_core.verb:set package 'waypoint_publisher' build argument 'cmake_clean_cache' from command line to 'False'
[0.699s] Level 5:colcon.colcon_core.verb:set package 'waypoint_publisher' build argument 'cmake_clean_first' from command line to 'False'
[0.699s] Level 5:colcon.colcon_core.verb:set package 'waypoint_publisher' build argument 'cmake_force_configure' from command line to 'False'
[0.699s] Level 5:colcon.colcon_core.verb:set package 'waypoint_publisher' build argument 'ament_cmake_args' from command line to 'None'
[0.699s] Level 5:colcon.colcon_core.verb:set package 'waypoint_publisher' build argument 'catkin_cmake_args' from command line to 'None'
[0.699s] Level 5:colcon.colcon_core.verb:set package 'waypoint_publisher' build argument 'catkin_skip_building_tests' from command line to 'False'
[0.699s] DEBUG:colcon.colcon_core.verb:Building package 'waypoint_publisher' with the following arguments: {'ament_cmake_args': None, 'build_base': '/home/bard/Documents/ascend/suas/WaypointPublisher/build/waypoint_publisher', 'catkin_cmake_args': None, 'catkin_skip_building_tests': False, 'cmake_args': None, 'cmake_clean_cache': False, 'cmake_clean_first': False, 'cmake_force_configure': False, 'cmake_target': None, 'cmake_target_skip_unavailable': False, 'install_base': '/home/bard/Documents/ascend/suas/WaypointPublisher/install/waypoint_publisher', 'merge_install': False, 'path': '/home/bard/Documents/ascend/suas/WaypointPublisher/src/waypoint_publisher', 'symlink_install': False, 'test_result_base': None}
[0.700s] INFO:colcon.colcon_core.executor:Executing jobs using 'parallel' executor
[0.712s] DEBUG:colcon.colcon_parallel_executor.executor.parallel:run_until_complete
[0.713s] INFO:colcon.colcon_ros.task.ament_python.build:Building ROS package in '/home/bard/Documents/ascend/suas/WaypointPublisher/src/waypoint_publisher' with build type 'ament_python'
[0.713s] Level 1:colcon.colcon_core.shell:create_environment_hook('waypoint_publisher', 'ament_prefix_path')
[0.724s] INFO:colcon.colcon_core.plugin_system:Skipping extension 'colcon_core.shell.bat': Not used on non-Windows systems
[0.724s] INFO:colcon.colcon_core.shell:Creating environment hook '/home/bard/Documents/ascend/suas/WaypointPublisher/install/waypoint_publisher/share/waypoint_publisher/hook/ament_prefix_path.ps1'
[0.726s] INFO:colcon.colcon_core.shell:Creating environment descriptor '/home/bard/Documents/ascend/suas/WaypointPublisher/install/waypoint_publisher/share/waypoint_publisher/hook/ament_prefix_path.dsv'
[0.727s] INFO:colcon.colcon_core.shell:Creating environment hook '/home/bard/Documents/ascend/suas/WaypointPublisher/install/waypoint_publisher/share/waypoint_publisher/hook/ament_prefix_path.sh'
[0.733s] INFO:colcon.colcon_core.shell:Skip shell extension 'powershell' for command environment: Not usable outside of PowerShell
[0.733s] DEBUG:colcon.colcon_core.shell:Skip shell extension 'dsv' for command environment
[1.662s] INFO:colcon.colcon_core.task.python.build:Building Python package in '/home/bard/Documents/ascend/suas/WaypointPublisher/src/waypoint_publisher'
[1.666s] INFO:colcon.colcon_core.shell:Skip shell extension 'powershell' for command environment: Not usable outside of PowerShell
[1.666s] DEBUG:colcon.colcon_core.shell:Skip shell extension 'dsv' for command environment
[2.878s] DEBUG:colcon.colcon_core.event_handler.log_command:Invoking command in '/home/bard/Documents/ascend/suas/WaypointPublisher/src/waypoint_publisher': PYTHONPATH=/home/bard/Documents/ascend/suas/WaypointPublisher/install/waypoint_publisher/lib/python3.8/site-packages:${PYTHONPATH} /usr/bin/python3 setup.py egg_info --egg-base ../../build/waypoint_publisher build --build-base /home/bard/Documents/ascend/suas/WaypointPublisher/build/waypoint_publisher/build install --prefix /home/bard/Documents/ascend/suas/WaypointPublisher/install/waypoint_publisher --record /home/bard/Documents/ascend/suas/WaypointPublisher/build/waypoint_publisher/install.log --single-version-externally-managed
[4.745s] DEBUG:colcon.colcon_core.event_handler.log_command:Invoked command in '/home/bard/Documents/ascend/suas/WaypointPublisher/src/waypoint_publisher' returned '0': PYTHONPATH=/home/bard/Documents/ascend/suas/WaypointPublisher/install/waypoint_publisher/lib/python3.8/site-packages:${PYTHONPATH} /usr/bin/python3 setup.py egg_info --egg-base ../../build/waypoint_publisher build --build-base /home/bard/Documents/ascend/suas/WaypointPublisher/build/waypoint_publisher/build install --prefix /home/bard/Documents/ascend/suas/WaypointPublisher/install/waypoint_publisher --record /home/bard/Documents/ascend/suas/WaypointPublisher/build/waypoint_publisher/install.log --single-version-externally-managed
[4.759s] Level 1:colcon.colcon_core.environment:checking '/home/bard/Documents/ascend/suas/WaypointPublisher/install/waypoint_publisher' for CMake module files
[4.760s] Level 1:colcon.colcon_core.environment:checking '/home/bard/Documents/ascend/suas/WaypointPublisher/install/waypoint_publisher' for CMake config files
[4.761s] Level 1:colcon.colcon_core.environment:checking '/home/bard/Documents/ascend/suas/WaypointPublisher/install/waypoint_publisher/lib'
[4.761s] Level 1:colcon.colcon_core.environment:checking '/home/bard/Documents/ascend/suas/WaypointPublisher/install/waypoint_publisher/bin'
[4.761s] Level 1:colcon.colcon_core.environment:checking '/home/bard/Documents/ascend/suas/WaypointPublisher/install/waypoint_publisher/lib/pkgconfig/waypoint_publisher.pc'
[4.761s] Level 1:colcon.colcon_core.environment:checking '/home/bard/Documents/ascend/suas/WaypointPublisher/install/waypoint_publisher/lib/python3.8/site-packages'
[4.761s] Level 1:colcon.colcon_core.shell:create_environment_hook('waypoint_publisher', 'pythonpath')
[4.765s] INFO:colcon.colcon_core.shell:Creating environment hook '/home/bard/Documents/ascend/suas/WaypointPublisher/install/waypoint_publisher/share/waypoint_publisher/hook/pythonpath.ps1'
[4.766s] INFO:colcon.colcon_core.shell:Creating environment descriptor '/home/bard/Documents/ascend/suas/WaypointPublisher/install/waypoint_publisher/share/waypoint_publisher/hook/pythonpath.dsv'
[4.766s] INFO:colcon.colcon_core.shell:Creating environment hook '/home/bard/Documents/ascend/suas/WaypointPublisher/install/waypoint_publisher/share/waypoint_publisher/hook/pythonpath.sh'
[4.767s] Level 1:colcon.colcon_core.environment:checking '/home/bard/Documents/ascend/suas/WaypointPublisher/install/waypoint_publisher/bin'
[4.768s] Level 1:colcon.colcon_core.environment:create_environment_scripts_only(waypoint_publisher)
[4.771s] INFO:colcon.colcon_core.shell:Creating package script '/home/bard/Documents/ascend/suas/WaypointPublisher/install/waypoint_publisher/share/waypoint_publisher/package.ps1'
[4.772s] INFO:colcon.colcon_core.shell:Creating package descriptor '/home/bard/Documents/ascend/suas/WaypointPublisher/install/waypoint_publisher/share/waypoint_publisher/package.dsv'
[4.773s] INFO:colcon.colcon_core.shell:Creating package script '/home/bard/Documents/ascend/suas/WaypointPublisher/install/waypoint_publisher/share/waypoint_publisher/package.sh'
[4.774s] INFO:colcon.colcon_core.shell:Creating package script '/home/bard/Documents/ascend/suas/WaypointPublisher/install/waypoint_publisher/share/waypoint_publisher/package.bash'
[4.776s] INFO:colcon.colcon_core.shell:Creating package script '/home/bard/Documents/ascend/suas/WaypointPublisher/install/waypoint_publisher/share/waypoint_publisher/package.zsh'
[4.777s] Level 1:colcon.colcon_core.environment:create_file_with_runtime_dependencies(/home/bard/Documents/ascend/suas/WaypointPublisher/install/waypoint_publisher/share/colcon-core/packages/waypoint_publisher)
[4.777s] DEBUG:colcon.colcon_parallel_executor.executor.parallel:closing loop
[4.778s] DEBUG:colcon.colcon_parallel_executor.executor.parallel:loop closed
[4.778s] DEBUG:colcon.colcon_parallel_executor.executor.parallel:run_until_complete finished with '0'
[4.778s] DEBUG:colcon.colcon_core.event_reactor:joining thread
[4.791s] INFO:colcon.colcon_core.plugin_system:Skipping extension 'colcon_notification.desktop_notification.terminal_notifier': Not used on non-Darwin systems
[4.791s] INFO:colcon.colcon_core.plugin_system:Skipping extension 'colcon_notification.desktop_notification.win32': Not used on non-Windows systems
[4.791s] INFO:colcon.colcon_notification.desktop_notification:Sending desktop notification using 'notify2'
[4.820s] DEBUG:colcon.colcon_core.event_reactor:joined thread
[4.825s] INFO:colcon.colcon_core.shell:Creating prefix script '/home/bard/Documents/ascend/suas/WaypointPublisher/install/local_setup.ps1'
[4.827s] INFO:colcon.colcon_core.shell:Creating prefix util module '/home/bard/Documents/ascend/suas/WaypointPublisher/install/_local_setup_util_ps1.py'
[4.829s] INFO:colcon.colcon_core.shell:Creating prefix chain script '/home/bard/Documents/ascend/suas/WaypointPublisher/install/setup.ps1'
[4.832s] INFO:colcon.colcon_core.shell:Creating prefix script '/home/bard/Documents/ascend/suas/WaypointPublisher/install/local_setup.sh'
[4.833s] INFO:colcon.colcon_core.shell:Creating prefix util module '/home/bard/Documents/ascend/suas/WaypointPublisher/install/_local_setup_util_sh.py'
[4.834s] INFO:colcon.colcon_core.shell:Creating prefix chain script '/home/bard/Documents/ascend/suas/WaypointPublisher/install/setup.sh'
[4.838s] INFO:colcon.colcon_core.shell:Creating prefix script '/home/bard/Documents/ascend/suas/WaypointPublisher/install/local_setup.bash'
[4.839s] INFO:colcon.colcon_core.shell:Creating prefix chain script '/home/bard/Documents/ascend/suas/WaypointPublisher/install/setup.bash'
[4.842s] INFO:colcon.colcon_core.shell:Creating prefix script '/home/bard/Documents/ascend/suas/WaypointPublisher/install/local_setup.zsh'
[4.843s] INFO:colcon.colcon_core.shell:Creating prefix chain script '/home/bard/Documents/ascend/suas/WaypointPublisher/install/setup.zsh'
